ankangban-android/app/build/intermediates/manifest_merge_blame_file/debug/manifest-merger-blame-debug-report.txt
1<?xml version="1.0" encoding="utf-8"?>
2<manifest xmlns:android="http://schemas.android.com/apk/res/android"
3    package="com.ankangban.health"
4    android:versionCode="1"
5    android:versionName="1.0.0" >
6
7    <uses-sdk
8        android:minSdkVersion="29"
9        android:targetSdkVersion="34" />
10
11    <uses-permission android:name="android.permission.INTERNET" />
11-->src\main\AndroidManifest.xml:4:5-67
11-->src\main\AndroidManifest.xml:4:22-64
12    <uses-permission android:name="android.permission.ACCESS_NETWORK_STATE" />
12-->src\main\AndroidManifest.xml:5:5-79
12-->src\main\AndroidManifest.xml:5:22-76
13    <uses-permission android:name="android.permission.BLUETOOTH" />
13-->src\main\AndroidManifest.xml:6:5-68
13-->src\main\AndroidManifest.xml:6:22-65
14    <uses-permission android:name="android.permission.BLUETOOTH_ADMIN" />
14-->src\main\AndroidManifest.xml:7:5-74
14-->src\main\AndroidManifest.xml:7:22-71
15    <uses-permission android:name="android.permission.BLUETOOTH_CONNECT" />
15-->src\main\AndroidManifest.xml:8:5-76
15-->src\main\AndroidManifest.xml:8:22-73
16    <uses-permission android:name="android.permission.BLUETOOTH_SCAN" />
16-->src\main\AndroidManifest.xml:9:5-73
16-->src\main\AndroidManifest.xml:9:22-70
17    <uses-permission android:name="android.permission.ACCESS_FINE_LOCATION" />
17-->src\main\AndroidManifest.xml:10:5-79
17-->src\main\AndroidManifest.xml:10:22-76
18    <uses-permission android:name="android.permission.ACCESS_COARSE_LOCATION" />
18-->src\main\AndroidManifest.xml:11:5-81
18-->src\main\AndroidManifest.xml:11:22-78
19    <uses-permission android:name="android.permission.ACTIVITY_RECOGNITION" />
19-->src\main\AndroidManifest.xml:12:5-79
19-->src\main\AndroidManifest.xml:12:22-76
20    <uses-permission android:name="android.permission.BODY_SENSORS" />
20-->src\main\AndroidManifest.xml:13:5-71
20-->src\main\AndroidManifest.xml:13:22-68
21    <uses-permission android:name="android.permission.RECORD_AUDIO" />
21-->src\main\AndroidManifest.xml:14:5-71
21-->src\main\AndroidManifest.xml:14:22-68
22    <uses-permission android:name="android.permission.VIBRATE" />
22-->src\main\AndroidManifest.xml:15:5-66
22-->src\main\AndroidManifest.xml:15:22-63
23    <uses-permission android:name="android.permission.CAMERA" />
23-->src\main\AndroidManifest.xml:16:5-65
23-->src\main\AndroidManifest.xml:16:22-62
24    <uses-permission android:name="android.permission.SCHEDULE_EXACT_ALARM" />
24-->src\main\AndroidManifest.xml:17:5-79
24-->src\main\AndroidManifest.xml:17:22-76
25    <uses-permission android:name="android.permission.USE_EXACT_ALARM" />
25-->src\main\AndroidManifest.xml:18:5-74
25-->src\main\AndroidManifest.xml:18:22-71
26    <uses-permission android:name="android.permission.POST_NOTIFICATIONS" />
26-->src\main\AndroidManifest.xml:19:5-77
26-->src\main\AndroidManifest.xml:19:22-74
27    <uses-permission android:name="android.permission.FOREGROUND_SERVICE" />
27-->src\main\AndroidManifest.xml:20:5-77
27-->src\main\AndroidManifest.xml:20:22-74
28
29    <uses-feature
29-->src\main\AndroidManifest.xml:21:5-85
30        android:name="android.hardware.camera"
30-->src\main\AndroidManifest.xml:21:19-57
31        android:required="false" />
31-->src\main\AndroidManifest.xml:21:58-82
32
33    <!-- OPPO Health SDK Permissions -->
34    <uses-permission android:name="com.heytap.health.permission.READ_HEALTH_DATA" />
34-->src\main\AndroidManifest.xml:24:5-85
34-->src\main\AndroidManifest.xml:24:22-82
35    <uses-permission android:name="com.heytap.health.permission.READ_SLEEP_DATA" />
35-->src\main\AndroidManifest.xml:25:5-84
35-->src\main\AndroidManifest.xml:25:22-81
36
37    <queries>
37-->src\main\AndroidManifest.xml:27:5-31:15
38        <intent>
38-->src\main\AndroidManifest.xml:28:9-30:18
39            <action android:name="android.intent.action.TTS_SERVICE" />
39-->src\main\AndroidManifest.xml:29:13-72
39-->src\main\AndroidManifest.xml:29:21-69
40        </intent>
41    </queries>
42
43    <permission
43-->[androidx.core:core:1.12.0] AndroidManifest.xml:22:5-24:47
44        android:name="com.ankangban.health.DYNAMIC_RECEIVER_NOT_EXPORTED_PERMISSION"
44-->[androidx.core:core:1.12.0] AndroidManifest.xml:23:9-81
45        android:protectionLevel="signature" />
45-->[androidx.core:core:1.12.0] AndroidManifest.xml:24:9-44
46
47    <uses-permission android:name="com.ankangban.health.DYNAMIC_RECEIVER_NOT_EXPORTED_PERMISSION" />
47-->[androidx.core:core:1.12.0] AndroidManifest.xml:26:5-97
47-->[androidx.core:core:1.12.0] AndroidManifest.xml:26:22-94
48
49    <application
49-->src\main\AndroidManifest.xml:33:5-80:19
50        android:name="com.ankangban.health.HealthApplication"
50-->src\main\AndroidManifest.xml:34:9-42
51        android:allowBackup="true"
51-->src\main\AndroidManifest.xml:35:9-35
52        android:appComponentFactory="androidx.core.app.CoreComponentFactory"
52-->[androidx.core:core:1.12.0] AndroidManifest.xml:28:18-86
53        android:debuggable="true"
54        android:extractNativeLibs="false"
55        android:icon="@mipmap/ic_launcher"
55-->src\main\AndroidManifest.xml:36:9-43
56        android:label="@string/app_name"
56-->src\main\AndroidManifest.xml:37:9-41
57        android:roundIcon="@mipmap/ic_launcher_round"
57-->src\main\AndroidManifest.xml:38:9-54
58        android:supportsRtl="true"
58-->src\main\AndroidManifest.xml:39:9-35
59        android:testOnly="true"
60        android:theme="@style/Theme.AnKangBan" >
60-->src\main\AndroidManifest.xml:40:9-47
61        <receiver android:name="com.ankangban.health.core.receiver.AlarmReceiver" />
61-->src\main\AndroidManifest.xml:42:9-65
61-->src\main\AndroidManifest.xml:42:19-62
62
63        <service android:name="com.ankangban.health.core.service.VoiceReminderService" />
63-->src\main\AndroidManifest.xml:43:9-70
63-->src\main\AndroidManifest.xml:43:18-67
64
65        <!-- OPPO AppId/AppSecret (Placeholder) -->
66        <meta-data
66-->src\main\AndroidManifest.xml:46:9-48:48
67            android:name="com.heytap.health.appid"
67-->src\main\AndroidManifest.xml:47:13-51
68            android:value="YOUR_OPPO_APP_ID" />
68-->src\main\AndroidManifest.xml:48:13-45
69
70        <activity
70-->src\main\AndroidManifest.xml:50:9-58:20
71            android:name="com.ankangban.health.ui.SplashActivity"
71-->src\main\AndroidManifest.xml:51:13-46
72            android:exported="true"
72-->src\main\AndroidManifest.xml:52:13-36
73            android:theme="@style/Theme.AnKangBan.Splash" >
73-->src\main\AndroidManifest.xml:53:13-58
74            <intent-filter>
74-->src\main\AndroidManifest.xml:54:13-57:29
75                <action android:name="android.intent.action.MAIN" />
75-->src\main\AndroidManifest.xml:55:17-69
75-->src\main\AndroidManifest.xml:55:25-66
76
77                <category android:name="android.intent.category.LAUNCHER" />
77-->src\main\AndroidManifest.xml:56:17-77
77-->src\main\AndroidManifest.xml:56:27-74
78            </intent-filter>
79        </activity>
80        <activity
80-->src\main\AndroidManifest.xml:60:9-63:54
81            android:name="com.ankangban.health.ui.CrashActivity"
81-->src\main\AndroidManifest.xml:61:13-45
82            android:exported="false"
82-->src\main\AndroidManifest.xml:62:13-37
83            android:theme="@style/Theme.AnKangBan" />
83-->src\main\AndroidManifest.xml:63:13-51
84        <activity
84-->src\main\AndroidManifest.xml:65:9-68:58
85            android:name="com.ankangban.health.ui.MainActivity"
85-->src\main\AndroidManifest.xml:66:13-44
86            android:exported="true"
86-->src\main\AndroidManifest.xml:67:13-36
87            android:windowSoftInputMode="adjustResize" />
87-->src\main\AndroidManifest.xml:68:13-55
88
89        <provider
90            android:name="androidx.core.content.FileProvider"
90-->src\main\AndroidManifest.xml:71:13-62
91            android:authorities="com.ankangban.health.fileprovider"
91-->src\main\AndroidManifest.xml:72:13-64
92            android:exported="false"
92-->src\main\AndroidManifest.xml:73:13-37
93            android:grantUriPermissions="true" >
93-->src\main\AndroidManifest.xml:74:13-47
94            <meta-data
94-->src\main\AndroidManifest.xml:75:13-77:54
95                android:name="android.support.FILE_PROVIDER_PATHS"
95-->src\main\AndroidManifest.xml:76:17-67
96                android:resource="@xml/file_paths" />
96-->src\main\AndroidManifest.xml:77:17-51
97        </provider>
98
99        <service
99-->[com.google.android.gms:play-services-mlkit-text-recognition-common:19.0.0] AndroidManifest.xml:9:9-15:19
100            android:name="com.google.mlkit.common.internal.MlKitComponentDiscoveryService"
100-->[com.google.android.gms:play-services-mlkit-text-recognition-common:19.0.0] AndroidManifest.xml:10:13-91
101            android:directBootAware="true"
101-->[com.google.mlkit:common:18.8.0] AndroidManifest.xml:17:13-43
102            android:exported="false" >
102-->[com.google.android.gms:play-services-mlkit-text-recognition-common:19.0.0] AndroidManifest.xml:11:13-37
103            <meta-data
103-->[com.google.android.gms:play-services-mlkit-text-recognition-common:19.0.0] AndroidManifest.xml:12:13-14:85
104                android:name="com.google.firebase.components:com.google.mlkit.vision.text.internal.TextRegistrar"
104-->[com.google.android.gms:play-services-mlkit-text-recognition-common:19.0.0] AndroidManifest.xml:13:17-114
105                android:value="com.google.firebase.components.ComponentRegistrar" />
105-->[com.google.android.gms:play-services-mlkit-text-recognition-common:19.0.0] AndroidManifest.xml:14:17-82
106            <meta-data
106-->[com.google.mlkit:vision-common:17.3.0] AndroidManifest.xml:12:13-14:85
107                android:name="com.google.firebase.components:com.google.mlkit.vision.common.internal.VisionCommonRegistrar"
107-->[com.google.mlkit:vision-common:17.3.0] AndroidManifest.xml:13:17-124
108                android:value="com.google.firebase.components.ComponentRegistrar" />
108-->[com.google.mlkit:vision-common:17.3.0] AndroidManifest.xml:14:17-82
109            <meta-data
109-->[com.google.mlkit:common:18.8.0] AndroidManifest.xml:20:13-22:85
110                android:name="com.google.firebase.components:com.google.mlkit.common.internal.CommonComponentRegistrar"
110-->[com.google.mlkit:common:18.8.0] AndroidManifest.xml:21:17-120
111                android:value="com.google.firebase.components.ComponentRegistrar" />
111-->[com.google.mlkit:common:18.8.0] AndroidManifest.xml:22:17-82
112        </service>
113
114        <provider
114-->[com.google.mlkit:common:18.8.0] AndroidManifest.xml:9:9-13:38
115            android:name="com.google.mlkit.common.internal.MlKitInitProvider"
115-->[com.google.mlkit:common:18.8.0] AndroidManifest.xml:10:13-78
116            android:authorities="com.ankangban.health.mlkitinitprovider"
116-->[com.google.mlkit:common:18.8.0] AndroidManifest.xml:11:13-69
117            android:exported="false"
117-->[com.google.mlkit:common:18.8.0] AndroidManifest.xml:12:13-37
118            android:initOrder="99" />
118-->[com.google.mlkit:common:18.8.0] AndroidManifest.xml:13:13-35
119
120        <activity
120-->[com.google.android.gms:play-services-base:18.1.0] AndroidManifest.xml:20:9-22:45
121            android:name="com.google.android.gms.common.api.GoogleApiActivity"
121-->[com.google.android.gms:play-services-base:18.1.0] AndroidManifest.xml:20:19-85
122            android:exported="false"
122-->[com.google.android.gms:play-services-base:18.1.0] AndroidManifest.xml:22:19-43
123            android:theme="@android:style/Theme.Translucent.NoTitleBar" />
123-->[com.google.android.gms:play-services-base:18.1.0] AndroidManifest.xml:21:19-78
124
125        <meta-data
125-->[com.google.android.gms:play-services-basement:18.1.0] AndroidManifest.xml:21:9-23:69
126            android:name="com.google.android.gms.version"
126-->[com.google.android.gms:play-services-basement:18.1.0] AndroidManifest.xml:22:13-58
127            android:value="@integer/google_play_services_version" />
127-->[com.google.android.gms:play-services-basement:18.1.0] AndroidManifest.xml:23:13-66
128
129        <provider
129-->[androidx.emoji2:emoji2:1.2.0] AndroidManifest.xml:24:9-32:20
130            android:name="androidx.startup.InitializationProvider"
130-->[androidx.emoji2:emoji2:1.2.0] AndroidManifest.xml:25:13-67
131            android:authorities="com.ankangban.health.androidx-startup"
131-->[androidx.emoji2:emoji2:1.2.0] AndroidManifest.xml:26:13-68
132            android:exported="false" >
132-->[androidx.emoji2:emoji2:1.2.0] AndroidManifest.xml:27:13-37
133            <meta-data
133-->[androidx.emoji2:emoji2:1.2.0] AndroidManifest.xml:29:13-31:52
134                android:name="androidx.emoji2.text.EmojiCompatInitializer"
134-->[androidx.emoji2:emoji2:1.2.0] AndroidManifest.xml:30:17-75
135                android:value="androidx.startup" />
135-->[androidx.emoji2:emoji2:1.2.0] AndroidManifest.xml:31:17-49
136            <meta-data
136-->[androidx.lifecycle:lifecycle-process:2.6.2] AndroidManifest.xml:29:13-31:52
137                android:name="androidx.lifecycle.ProcessLifecycleInitializer"
137-->[androidx.lifecycle:lifecycle-process:2.6.2] AndroidManifest.xml:30:17-78
138                android:value="androidx.startup" />
138-->[androidx.lifecycle:lifecycle-process:2.6.2] AndroidManifest.xml:31:17-49
139            <meta-data
139-->[androidx.profileinstaller:profileinstaller:1.3.0] AndroidManifest.xml:29:13-31:52
140                android:name="androidx.profileinstaller.ProfileInstallerInitializer"
140-->[androidx.profileinstaller:profileinstaller:1.3.0] AndroidManifest.xml:30:17-85
141                android:value="androidx.startup" />
141-->[androidx.profileinstaller:profileinstaller:1.3.0] AndroidManifest.xml:31:17-49
142        </provider>
143
144        <uses-library
144-->[androidx.window:window:1.0.0] AndroidManifest.xml:25:9-27:40
145            android:name="androidx.window.extensions"
145-->[androidx.window:window:1.0.0] AndroidManifest.xml:26:13-54
146            android:required="false" />
146-->[androidx.window:window:1.0.0] AndroidManifest.xml:27:13-37
147        <uses-library
147-->[androidx.window:window:1.0.0] AndroidManifest.xml:28:9-30:40
148            android:name="androidx.window.sidecar"
148-->[androidx.window:window:1.0.0] AndroidManifest.xml:29:13-51
149            android:required="false" />
149-->[androidx.window:window:1.0.0] AndroidManifest.xml:30:13-37
150
151        <service
151-->[androidx.room:room-runtime:2.6.1] AndroidManifest.xml:24:9-28:63
152            android:name="androidx.room.MultiInstanceInvalidationService"
152-->[androidx.room:room-runtime:2.6.1] AndroidManifest.xml:25:13-74
153            android:directBootAware="true"
153-->[androidx.room:room-runtime:2.6.1] AndroidManifest.xml:26:13-43
154            android:exported="false" />
154-->[androidx.room:room-runtime:2.6.1] AndroidManifest.xml:27:13-37
155
156        <receiver
156-->[androidx.profileinstaller:profileinstaller:1.3.0] AndroidManifest.xml:34:9-52:20
157            android:name="androidx.profileinstaller.ProfileInstallReceiver"
157-->[androidx.profileinstaller:profileinstaller:1.3.0] AndroidManifest.xml:35:13-76
158            android:directBootAware="false"
158-->[androidx.profileinstaller:profileinstaller:1.3.0] AndroidManifest.xml:36:13-44
159            android:enabled="true"
159-->[androidx.profileinstaller:profileinstaller:1.3.0] AndroidManifest.xml:37:13-35
160            android:exported="true"
160-->[androidx.profileinstaller:profileinstaller:1.3.0] AndroidManifest.xml:38:13-36
161            android:permission="android.permission.DUMP" >
161-->[androidx.profileinstaller:profileinstaller:1.3.0] AndroidManifest.xml:39:13-57
162            <intent-filter>
162-->[androidx.profileinstaller:profileinstaller:1.3.0] AndroidManifest.xml:40:13-42:29
163                <action android:name="androidx.profileinstaller.action.INSTALL_PROFILE" />
163-->[androidx.profileinstaller:profileinstaller:1.3.0] AndroidManifest.xml:41:17-91
163-->[androidx.profileinstaller:profileinstaller:1.3.0] AndroidManifest.xml:41:25-88
164            </intent-filter>
165            <intent-filter>
165-->[androidx.profileinstaller:profileinstaller:1.3.0] AndroidManifest.xml:43:13-45:29
166                <action android:name="androidx.profileinstaller.action.SKIP_FILE" />
166-->[androidx.profileinstaller:profileinstaller:1.3.0] AndroidManifest.xml:44:17-85
166-->[androidx.profileinstaller:profileinstaller:1.3.0] AndroidManifest.xml:44:25-82
167            </intent-filter>
168            <intent-filter>
168-->[androidx.profileinstaller:profileinstaller:1.3.0] AndroidManifest.xml:46:13-48:29
169                <action android:name="androidx.profileinstaller.action.SAVE_PROFILE" />
169-->[androidx.profileinstaller:profileinstaller:1.3.0] AndroidManifest.xml:47:17-88
169-->[androidx.profileinstaller:profileinstaller:1.3.0] AndroidManifest.xml:47:25-85
170            </intent-filter>
171            <intent-filter>
171-->[androidx.profileinstaller:profileinstaller:1.3.0] AndroidManifest.xml:49:13-51:29
172                <action android:name="androidx.profileinstaller.action.BENCHMARK_OPERATION" />
172-->[androidx.profileinstaller:profileinstaller:1.3.0] AndroidManifest.xml:50:17-95
172-->[androidx.profileinstaller:profileinstaller:1.3.0] AndroidManifest.xml:50:25-92
173            </intent-filter>
174        </receiver>
175
176        <service
176-->[com.google.android.datatransport:transport-backend-cct:2.3.3] AndroidManifest.xml:29:9-35:19
177            android:name="com.google.android.datatransport.runtime.backends.TransportBackendDiscovery"
177-->[com.google.android.datatransport:transport-backend-cct:2.3.3] AndroidManifest.xml:30:13-103
178            android:exported="false" >
178-->[com.google.android.datatransport:transport-backend-cct:2.3.3] AndroidManifest.xml:31:13-37
179            <meta-data
179-->[com.google.android.datatransport:transport-backend-cct:2.3.3] AndroidManifest.xml:32:13-34:39
180                android:name="backend:com.google.android.datatransport.cct.CctBackendFactory"
180-->[com.google.android.datatransport:transport-backend-cct:2.3.3] AndroidManifest.xml:33:17-94
181                android:value="cct" />
181-->[com.google.android.datatransport:transport-backend-cct:2.3.3] AndroidManifest.xml:34:17-36
182        </service>
183        <service
183-->[com.google.android.datatransport:transport-runtime:2.2.6] AndroidManifest.xml:26:9-30:19
184            android:name="com.google.android.datatransport.runtime.scheduling.jobscheduling.JobInfoSchedulerService"
184-->[com.google.android.datatransport:transport-runtime:2.2.6] AndroidManifest.xml:27:13-117
185            android:exported="false"
185-->[com.google.android.datatransport:transport-runtime:2.2.6] AndroidManifest.xml:28:13-37
186            android:permission="android.permission.BIND_JOB_SERVICE" >
186-->[com.google.android.datatransport:transport-runtime:2.2.6] AndroidManifest.xml:29:13-69
187        </service>
188
189        <receiver
189-->[com.google.android.datatransport:transport-runtime:2.2.6] AndroidManifest.xml:32:9-34:40
190            android:name="com.google.android.datatransport.runtime.scheduling.jobscheduling.AlarmManagerSchedulerBroadcastReceiver"
190-->[com.google.android.datatransport:transport-runtime:2.2.6] AndroidManifest.xml:33:13-132
191            android:exported="false" />
191-->[com.google.android.datatransport:transport-runtime:2.2.6] AndroidManifest.xml:34:13-37
192    </application>
193
194</manifest>